2025-09-23 21:07:41 - lottery_ai - ERROR - logger.py:138 - Safe execution failed for test_exception: [DATA_ERROR] Game 'TestGame' is not supported. Supported games: Lotto Max, Lotto 6/49
2025-09-27 22:31:07 - lottery_ai - ERROR - logger.py:138 - Failed to initialize DataService service: property 'data_manager' of 'DataService' object has no setter
2025-11-17 21:37:41 - lottery_ai - ERROR - logger.py:138 - Error in prediction_ai page: cannot convert float NaN to integer
2025-11-18 14:34:15 - lottery_ai - ERROR - logger.py:138 - Error finding predictions by model: name 'Path' is not defined
2025-11-18 14:34:15 - lottery_ai - ERROR - logger.py:138 - Error finding predictions by date: name 'Path' is not defined
2025-11-18 14:34:32 - lottery_ai - ERROR - logger.py:138 - Error finding predictions by model: name 'Path' is not defined
2025-11-18 14:34:32 - lottery_ai - ERROR - logger.py:138 - Error finding predictions by date: name 'Path' is not defined
2025-11-18 14:34:36 - lottery_ai - ERROR - logger.py:138 - Error finding predictions by model: name 'Path' is not defined
2025-11-18 14:34:36 - lottery_ai - ERROR - logger.py:138 - Error finding predictions by date: name 'Path' is not defined
2025-11-18 14:34:39 - lottery_ai - ERROR - logger.py:138 - Error finding predictions by model: name 'Path' is not defined
2025-11-18 14:34:39 - lottery_ai - ERROR - logger.py:138 - Error finding predictions by date: name 'Path' is not defined
2025-11-18 14:34:42 - lottery_ai - ERROR - logger.py:138 - Error finding predictions by model: name 'Path' is not defined
2025-11-18 14:34:42 - lottery_ai - ERROR - logger.py:138 - Error finding predictions by date: name 'Path' is not defined
2025-11-18 14:34:47 - lottery_ai - ERROR - logger.py:138 - Error finding predictions by model: name 'Path' is not defined
2025-11-18 14:34:47 - lottery_ai - ERROR - logger.py:138 - Error finding predictions by date: name 'Path' is not defined
2025-11-18 14:34:49 - lottery_ai - ERROR - logger.py:138 - Error finding predictions by model: name 'Path' is not defined
2025-11-18 14:34:49 - lottery_ai - ERROR - logger.py:138 - Error finding predictions by date: name 'Path' is not defined
2025-11-18 14:34:52 - lottery_ai - ERROR - logger.py:138 - Error finding predictions by model: name 'Path' is not defined
2025-11-18 14:34:52 - lottery_ai - ERROR - logger.py:138 - Error finding predictions by date: name 'Path' is not defined
2025-11-18 14:34:55 - lottery_ai - ERROR - logger.py:138 - Error finding predictions by model: name 'Path' is not defined
2025-11-18 14:34:55 - lottery_ai - ERROR - logger.py:138 - Error finding predictions by date: name 'Path' is not defined
2025-11-18 14:34:58 - lottery_ai - ERROR - logger.py:138 - Error finding predictions by model: name 'Path' is not defined
2025-11-18 14:34:58 - lottery_ai - ERROR - logger.py:138 - Error finding predictions by date: name 'Path' is not defined
2025-11-18 14:35:01 - lottery_ai - ERROR - logger.py:138 - Error finding predictions by model: name 'Path' is not defined
2025-11-18 14:35:01 - lottery_ai - ERROR - logger.py:138 - Error finding predictions by date: name 'Path' is not defined
2025-11-18 14:35:06 - lottery_ai - ERROR - logger.py:138 - Error finding predictions by model: name 'Path' is not defined
2025-11-18 14:35:06 - lottery_ai - ERROR - logger.py:138 - Error finding predictions by date: name 'Path' is not defined
2025-11-18 14:35:09 - lottery_ai - ERROR - logger.py:138 - Error finding predictions by model: name 'Path' is not defined
2025-11-18 14:35:09 - lottery_ai - ERROR - logger.py:138 - Error finding predictions by date: name 'Path' is not defined
2025-11-18 14:35:20 - lottery_ai - ERROR - logger.py:138 - Error finding predictions by model: name 'Path' is not defined
2025-11-18 14:35:20 - lottery_ai - ERROR - logger.py:138 - Error finding predictions by date: name 'Path' is not defined
2025-11-18 14:35:25 - lottery_ai - ERROR - logger.py:138 - Error finding predictions by model: name 'Path' is not defined
2025-11-18 14:35:25 - lottery_ai - ERROR - logger.py:138 - Error finding predictions by date: name 'Path' is not defined
2025-11-18 14:35:29 - lottery_ai - ERROR - logger.py:138 - Error finding predictions by model: name 'Path' is not defined
2025-11-18 14:35:29 - lottery_ai - ERROR - logger.py:138 - Error finding predictions by date: name 'Path' is not defined
2025-11-18 14:35:33 - lottery_ai - ERROR - logger.py:138 - Error finding predictions by model: name 'Path' is not defined
2025-11-18 14:35:33 - lottery_ai - ERROR - logger.py:138 - Error finding predictions by date: name 'Path' is not defined
2025-11-18 14:35:36 - lottery_ai - ERROR - logger.py:138 - Error finding predictions by model: name 'Path' is not defined
2025-11-18 14:35:36 - lottery_ai - ERROR - logger.py:138 - Error finding predictions by date: name 'Path' is not defined
2025-11-18 14:36:43 - lottery_ai - ERROR - logger.py:138 - Error finding predictions by model: name 'Path' is not defined
2025-11-18 14:36:43 - lottery_ai - ERROR - logger.py:138 - Error finding predictions by date: name 'Path' is not defined
2025-11-18 16:09:47 - lottery_ai - ERROR - logger.py:138 - Error finding predictions by model: name 'Path' is not defined
2025-11-18 16:09:47 - lottery_ai - ERROR - logger.py:138 - Error finding predictions by date: name 'Path' is not defined
2025-11-18 16:10:00 - lottery_ai - ERROR - logger.py:138 - Error finding predictions by model: name 'Path' is not defined
2025-11-18 16:10:00 - lottery_ai - ERROR - logger.py:138 - Error finding predictions by date: name 'Path' is not defined
2025-11-18 16:10:04 - lottery_ai - ERROR - logger.py:138 - Error finding predictions by model: name 'Path' is not defined
2025-11-18 16:10:04 - lottery_ai - ERROR - logger.py:138 - Error finding predictions by date: name 'Path' is not defined
2025-11-18 16:10:07 - lottery_ai - ERROR - logger.py:138 - Error finding predictions by model: name 'Path' is not defined
2025-11-18 16:10:07 - lottery_ai - ERROR - logger.py:138 - Error finding predictions by date: name 'Path' is not defined
2025-11-18 16:10:11 - lottery_ai - ERROR - logger.py:138 - Error finding predictions by model: name 'Path' is not defined
2025-11-18 16:10:11 - lottery_ai - ERROR - logger.py:138 - Error finding predictions by date: name 'Path' is not defined
2025-11-18 16:10:19 - lottery_ai - ERROR - logger.py:138 - Error finding predictions by model: name 'Path' is not defined
2025-11-18 16:10:19 - lottery_ai - ERROR - logger.py:138 - Error finding predictions by date: name 'Path' is not defined
2025-11-18 16:10:21 - lottery_ai - ERROR - logger.py:138 - Error finding predictions by model: name 'Path' is not defined
2025-11-18 16:10:21 - lottery_ai - ERROR - logger.py:138 - Error finding predictions by date: name 'Path' is not defined
2025-11-18 16:10:30 - lottery_ai - ERROR - logger.py:138 - Error finding predictions by model: name 'Path' is not defined
2025-11-18 16:10:30 - lottery_ai - ERROR - logger.py:138 - Error finding predictions by date: name 'Path' is not defined
2025-11-18 16:10:39 - lottery_ai - ERROR - logger.py:138 - Error finding predictions by model: name 'Path' is not defined
2025-11-18 16:10:39 - lottery_ai - ERROR - logger.py:138 - Error finding predictions by date: name 'Path' is not defined
2025-11-18 16:10:41 - lottery_ai - ERROR - logger.py:138 - Error finding predictions by model: name 'Path' is not defined
2025-11-18 16:10:41 - lottery_ai - ERROR - logger.py:138 - Error finding predictions by date: name 'Path' is not defined
2025-11-18 21:21:39 - lottery_ai - ERROR - logger.py:138 - Error finding predictions by model: name 'Path' is not defined
2025-11-18 21:21:39 - lottery_ai - ERROR - logger.py:138 - Error finding predictions by date: name 'Path' is not defined
2025-11-18 21:22:11 - lottery_ai - ERROR - logger.py:138 - Error finding predictions by model: name 'Path' is not defined
2025-11-18 21:22:11 - lottery_ai - ERROR - logger.py:138 - Error finding predictions by date: name 'Path' is not defined
2025-11-18 21:22:14 - lottery_ai - ERROR - logger.py:138 - Error finding predictions by model: name 'Path' is not defined
2025-11-18 21:22:14 - lottery_ai - ERROR - logger.py:138 - Error finding predictions by date: name 'Path' is not defined
2025-11-18 21:22:19 - lottery_ai - ERROR - logger.py:138 - Error finding predictions by model: name 'Path' is not defined
2025-11-18 21:22:19 - lottery_ai - ERROR - logger.py:138 - Error finding predictions by date: name 'Path' is not defined
2025-11-19 21:25:55 - lottery_ai - ERROR - logger.py:138 - Error in incremental learning page: unsupported operand type(s) for |: 'list' and 'list'
2025-11-19 21:30:47 - lottery_ai - ERROR - logger.py:138 - Error in incremental learning page: bar() got an unexpected keyword argument 'colorscale'
2025-11-21 17:46:30 - lottery_ai - ERROR - logger.py:138 - Error rendering training page: name '_get_raw_csv_files' is not defined
2025-11-21 17:58:12 - lottery_ai - ERROR - logger.py:138 - Model training error: name '_train_advanced_model' is not defined
2025-11-21 18:22:52 - lottery_ai - ERROR - logger.py:138 - ‚ùå Model training error: XGBClassifier.fit() got an unexpected keyword argument 'early_stopping_rounds'
2025-11-21 18:29:24 - lottery_ai - ERROR - logger.py:138 - ‚ùå Model training error: all the input array dimensions except for the concatenation axis must match exactly, but along dimension 0, the array at index 0 has size 1257 and the array at index 1 has size 1232
2025-11-21 18:31:51 - lottery_ai - ERROR - logger.py:138 - ‚ùå Model training error: Invalid filepath extension for saving. Please add either a `.keras` extension for the native Keras format (recommended) or a `.h5` extension. Use `model.export(filepath)` if you want to export a SavedModel for use with TFLite/TFServing/etc. Received: filepath=models\lotto_max\lstm\lstm_lotto_max_20251121_183151.
2025-11-21 21:26:12 - lottery_ai - ERROR - logger.py:138 - Transformer training failed: Graph execution error:

Detected at node StatefulPartitionedCall/functional_1_1/multi_head_attention_4_1/transpose_2 defined at (most recent call last):
<stack traces unavailable>
OOM when allocating tensor with shape[64,8,1338,1338] and type float on /job:localhost/replica:0/task:0/device:CPU:0 by allocator mklcpu
	 [[{{node StatefulPartitionedCall/functional_1_1/multi_head_attention_4_1/transpose_2}}]]
Hint: If you want to see a list of allocated tensors when OOM happens, add report_tensor_allocations_upon_oom to RunOptions for current allocation info. This isn't available when running in Eager mode.
 [Op:__inference_multi_step_on_iterator_60721]
2025-11-21 21:37:09 - lottery_ai - ERROR - logger.py:138 - Transformer training failed: Inputs have incompatible shapes. Received shapes (64, 256) and (64, 128)
2025-11-21 22:25:49 - lottery_ai - ERROR - logger.py:138 - Single model prediction error: Unknown model type: ensemble
2025-11-21 22:27:31 - lottery_ai - ERROR - logger.py:138 - Single model prediction error: Unknown model type: xgboost
2025-11-21 22:31:32 - lottery_ai - ERROR - logger.py:138 - Single model prediction error: No XGBoost model found for Lotto Max
2025-11-21 22:34:02 - lottery_ai - ERROR - logger.py:138 - Single model prediction error: No XGBoost model found for Lotto Max
2025-11-21 22:42:44 - lottery_ai - ERROR - logger.py:138 - Single model prediction error: Feature shape mismatch, expected: 85, got 1338
2025-11-21 22:45:17 - lottery_ai - ERROR - logger.py:138 - Single model prediction error: Feature shape mismatch, expected: 85, got 78
2025-11-21 22:47:13 - lottery_ai - ERROR - logger.py:138 - Single model prediction error: Feature shape mismatch, expected: 85, got 78
2025-11-21 22:47:48 - lottery_ai - ERROR - logger.py:138 - Single model prediction error: Feature shape mismatch, expected: 85, got 77
2025-11-24 17:59:23 - lottery_ai - ERROR - logger.py:138 - Error generating CatBoost features: 'numbers'
2025-11-24 18:51:11 - lottery_ai - ERROR - logger.py:138 - ‚ùå Model training error: catboost/private/libs/options/catboost_options.cpp:794: Error: default bootstrap type (bayesian) doesn't support 'subsample' option
2025-11-24 19:02:24 - lottery_ai - ERROR - logger.py:138 - ‚ùå Model training error: only one of the parameters min_data_in_leaf, min_child_samples should be initialized.
2025-11-25 13:57:34 - lottery_ai - ERROR - logger.py:138 - CNN training failed: cannot access local variable 'x' where it is not associated with a value
2025-11-25 18:22:26 - lottery_ai - ERROR - logger.py:138 - CNN training failed: cannot access local variable 'x' where it is not associated with a value
2025-11-25 18:22:26 - lottery_ai - ERROR - logger.py:138 - CNN Error traceback: Traceback (most recent call last):
  File "C:\Users\dian_\OneDrive\1 - My Documents\9 - Rocket Innovations Inc\gaming-ai-bot\streamlit_app\services\advanced_model_training.py", line 2013, in train_ensemble
    cnn_model, cnn_metrics = self.train_cnn(X_cnn, y, metadata, config, progress_callback)
                             ~~~~~~~~~~~~~~^^^^^^^^^^^^^^^^^^^^^^^^^^^^^^^^^^^^^^^^^^^^^^^
  File "C:\Users\dian_\OneDrive\1 - My Documents\9 - Rocket Innovations Inc\gaming-ai-bot\streamlit_app\services\advanced_model_training.py", line 1835, in train_cnn
    x = layers.Dense(256, activation='relu', name='dense_1')(x)
                                                             ^
UnboundLocalError: cannot access local variable 'x' where it is not associated with a value

2025-11-25 18:45:13 - lottery_ai - ERROR - logger.py:138 - üü© CNN training failed: cannot access local variable 'x' where it is not associated with a value
2025-11-25 18:45:13 - lottery_ai - ERROR - logger.py:138 - üü© CNN Error traceback: Traceback (most recent call last):
  File "C:\Users\dian_\OneDrive\1 - My Documents\9 - Rocket Innovations Inc\gaming-ai-bot\streamlit_app\services\advanced_model_training.py", line 2023, in train_ensemble
    cnn_model, cnn_metrics = self.train_cnn(X_cnn, y, metadata, config, progress_callback)
                             ~~~~~~~~~~~~~~^^^^^^^^^^^^^^^^^^^^^^^^^^^^^^^^^^^^^^^^^^^^^^^
  File "C:\Users\dian_\OneDrive\1 - My Documents\9 - Rocket Innovations Inc\gaming-ai-bot\streamlit_app\services\advanced_model_training.py", line 1835, in train_cnn
    x = layers.Dense(256, activation='relu', name='dense_1')(x)
                                                             ^
UnboundLocalError: cannot access local variable 'x' where it is not associated with a value

2025-11-25 19:04:21 - lottery_ai - ERROR - logger.py:138 - üü© CNN training failed: cannot access local variable 'x' where it is not associated with a value
2025-11-25 19:04:21 - lottery_ai - ERROR - logger.py:138 - üü© CNN Error traceback: Traceback (most recent call last):
  File "C:\Users\dian_\OneDrive\1 - My Documents\9 - Rocket Innovations Inc\gaming-ai-bot\streamlit_app\services\advanced_model_training.py", line 2023, in train_ensemble
    cnn_model, cnn_metrics = self.train_cnn(X_cnn, y, metadata, config, progress_callback)
                             ~~~~~~~~~~~~~~^^^^^^^^^^^^^^^^^^^^^^^^^^^^^^^^^^^^^^^^^^^^^^^
  File "C:\Users\dian_\OneDrive\1 - My Documents\9 - Rocket Innovations Inc\gaming-ai-bot\streamlit_app\services\advanced_model_training.py", line 1835, in train_cnn
    x = layers.Dense(256, activation='relu', name='dense_1')(x)
                                                             ^
UnboundLocalError: cannot access local variable 'x' where it is not associated with a value

2025-11-25 19:17:55 - lottery_ai - ERROR - logger.py:138 - üü© CNN training failed: cannot access local variable 'x' where it is not associated with a value
2025-11-25 19:17:55 - lottery_ai - ERROR - logger.py:138 - üü© CNN Error traceback: Traceback (most recent call last):
  File "C:\Users\dian_\OneDrive\1 - My Documents\9 - Rocket Innovations Inc\gaming-ai-bot\streamlit_app\services\advanced_model_training.py", line 2069, in train_ensemble
    cnn_model, cnn_metrics = self.train_cnn(X_cnn, y, metadata, config, progress_callback)
                             ~~~~~~~~~~~~~~^^^^^^^^^^^^^^^^^^^^^^^^^^^^^^^^^^^^^^^^^^^^^^^
  File "C:\Users\dian_\OneDrive\1 - My Documents\9 - Rocket Innovations Inc\gaming-ai-bot\streamlit_app\services\advanced_model_training.py", line 1835, in train_cnn
    x = layers.Dense(256, activation='relu', name='dense_1')(x)
                                                             ^
UnboundLocalError: cannot access local variable 'x' where it is not associated with a value

2025-11-25 19:34:08 - lottery_ai - ERROR - logger.py:138 - CNN training failed: cannot access local variable 'x' where it is not associated with a value
2025-11-25 22:18:16 - lottery_ai - ERROR - logger.py:138 - Single model prediction error: catboost/libs/data/model_dataset_compatibility.cpp:72: Feature 77 is present in model but not in pool.
2025-11-25 23:02:08 - lottery_ai - ERROR - logger.py:138 - Single model prediction error: 'Series' object has no attribute 'select_dtypes'
2025-11-25 23:03:38 - lottery_ai - ERROR - logger.py:138 - Single model prediction error: X has 10 features, but StandardScaler is expecting 85 features as input.
2025-11-25 23:06:35 - lottery_ai - ERROR - logger.py:138 - Error generating predictions: cannot access local variable 'np' where it is not associated with a value
2025-11-25 23:08:09 - lottery_ai - ERROR - logger.py:138 - Single model prediction error: object of type 'int' has no len()
2025-11-25 23:10:20 - lottery_ai - ERROR - logger.py:138 - Single model prediction error: Input 0 of layer "functional" is incompatible with the layer: expected shape=(None, 72, 1), found shape=(1, 77)
2025-11-26 10:41:40 - lottery_ai - ERROR - logger.py:138 - Single model prediction error: X has 64 features, but StandardScaler is expecting 77 features as input.
2025-11-26 10:47:47 - lottery_ai - ERROR - logger.py:138 - Single model prediction error: Input 0 of layer "functional" is incompatible with the layer: expected shape=(None, 72, 1), found shape=(1, 64)
2025-11-26 10:51:40 - lottery_ai - ERROR - logger.py:138 - Single model prediction error: Unknown model type: Ensemble
2025-11-26 10:55:41 - lottery_ai - ERROR - logger.py:138 - Single model prediction error: Ensemble mode should use _generate_ensemble_predictions, not _generate_single_model_predictions
2025-11-26 10:57:17 - lottery_ai - ERROR - logger.py:138 - Single model prediction error: Unknown model type: Ensemble
2025-11-26 10:58:51 - lottery_ai - ERROR - logger.py:138 - Single model prediction error: Unknown model type: Ensemble
2025-11-26 11:20:16 - lottery_ai - ERROR - logger.py:138 - Single model prediction error: Unknown model type: Ensemble
2025-11-26 12:51:08 - lottery_ai - ERROR - logger.py:138 - Ensemble prediction error: float division by zero
2025-11-27 13:54:14 - lottery_ai - ERROR - logger.py:138 - Single model prediction error: Input 0 of layer "functional" is incompatible with the layer: expected shape=(None, 1133), found shape=(1, 25, 45)
2025-11-27 13:54:39 - lottery_ai - ERROR - logger.py:138 - Single model prediction error: Unknown model type: Transformer
2025-11-27 13:54:52 - lottery_ai - ERROR - logger.py:138 - Single model prediction error: Feature shape mismatch, expected: 85, got 77
2025-11-27 15:58:32 - lottery_ai - ERROR - logger.py:138 - Single model prediction error: Input 0 of layer "functional" is incompatible with the layer: expected shape=(None, 1133), found shape=(1, 25, 45)
2025-11-27 22:01:17 - lottery_ai - ERROR - logger.py:138 - Single model prediction error: Input 0 of layer "functional" is incompatible with the layer: expected shape=(None, 1133), found shape=(1, 1125)
2025-11-27 22:08:07 - lottery_ai - ERROR - logger.py:138 - Single model prediction error: Unknown model type: Transformer
2025-11-27 22:18:57 - lottery_ai - ERROR - logger.py:138 - Single model prediction error: Unknown model type: Transformer
2025-11-27 22:22:25 - lottery_ai - ERROR - logger.py:138 - Single model prediction error: Feature shape mismatch, expected: 85, got 77
2025-11-27 22:36:06 - lottery_ai - ERROR - logger.py:138 - Single model prediction error: Feature shape mismatch, expected: 85, got 77
2025-11-27 22:43:56 - lottery_ai - ERROR - logger.py:138 - Single model prediction error: Feature shape mismatch, expected: 85, got 77
2025-11-27 22:47:12 - lottery_ai - ERROR - logger.py:138 - Single model prediction error: Feature shape mismatch, expected: 85, got 77
2025-11-27 22:47:21 - lottery_ai - ERROR - logger.py:138 - Single model prediction error: Feature shape mismatch, expected: 85, got 77
2025-11-27 23:24:57 - lottery_ai - ERROR - logger.py:138 - Single model prediction error: Unknown model type: Ensemble
2025-11-28 00:02:39 - lottery_ai - ERROR - logger.py:138 - Error in prediction_ai page: 'SuperIntelligentAIAnalyzer' object has no attribute 'calculate_optimal_sets_advanced'
2025-11-28 08:27:57 - lottery_ai - ERROR - logger.py:138 - Error in prediction_ai page: can only concatenate list (not "float") to list
2025-11-28 08:30:05 - lottery_ai - ERROR - logger.py:138 - Error in prediction_ai page: can only concatenate list (not "float") to list
2025-11-28 13:09:50 - lottery_ai - ERROR - logger.py:138 - Error in prediction_ai page: can only concatenate list (not "float") to list
2025-11-28 14:21:34 - lottery_ai - ERROR - logger.py:138 - Error in prediction_ai page: can only concatenate list (not "float") to list
2025-11-28 14:21:34 - lottery_ai - ERROR - logger.py:138 - Traceback: Traceback (most recent call last):
  File "C:\Users\dian_\OneDrive\1 - My Documents\9 - Rocket Innovations Inc\gaming-ai-bot\streamlit_app\pages\prediction_ai.py", line 795, in render_prediction_ai_page
    _render_model_configuration(analyzer)
    ~~~~~~~~~~~~~~~~~~~~~~~~~~~^^^^^^^^^^
  File "C:\Users\dian_\OneDrive\1 - My Documents\9 - Rocket Innovations Inc\gaming-ai-bot\streamlit_app\pages\prediction_ai.py", line 950, in _render_model_configuration
    optimal = analyzer.calculate_optimal_sets_advanced(analysis)
  File "C:\Users\dian_\OneDrive\1 - My Documents\9 - Rocket Innovations Inc\gaming-ai-bot\streamlit_app\pages\prediction_ai.py", line 517, in calculate_optimal_sets_advanced
    weighted_confidence = np.average(model_weights, weights=accuracies + 0.1)  # Avoid zero weights
                                                            ~~~~~~~~~~~^~~~~
TypeError: can only concatenate list (not "float") to list

2025-11-28 19:25:22 - lottery_ai - ERROR - logger.py:138 - Ensemble prediction error: Could not load any ensemble models
2025-11-28 19:29:22 - lottery_ai - ERROR - logger.py:138 - Ensemble prediction error: Could not load any ensemble models
2025-11-28 19:31:27 - lottery_ai - ERROR - logger.py:138 - ‚ùå No models were successfully loaded from C:\Users\dian_\OneDrive\1 - My Documents\9 - Rocket Innovations Inc\gaming-ai-bot\models\lotto_max
2025-11-28 19:31:27 - lottery_ai - ERROR - logger.py:138 - Ensemble prediction error: Could not load any ensemble models
2025-11-28 19:38:43 - lottery_ai - ERROR - logger.py:138 - ‚ùå Could not load any ensemble models. Details:

2025-11-28 19:38:43 - lottery_ai - ERROR - logger.py:138 - Ensemble prediction error: Could not load any ensemble models. Details:

2025-11-28 19:38:43 - lottery_ai - ERROR - logger.py:138 - Traceback:
Traceback (most recent call last):
  File "C:\Users\dian_\OneDrive\1 - My Documents\9 - Rocket Innovations Inc\gaming-ai-bot\streamlit_app\pages\predictions.py", line 3302, in _generate_ensemble_predictions
    raise ValueError(error_msg)
ValueError: Could not load any ensemble models. Details:


2025-11-28 19:40:48 - lottery_ai - ERROR - logger.py:138 - ‚ùå Could not load any ensemble models. Details:

2025-11-28 19:40:48 - lottery_ai - ERROR - logger.py:138 - Ensemble prediction error: Could not load any ensemble models. Details:

2025-11-28 19:40:48 - lottery_ai - ERROR - logger.py:138 - Traceback:
Traceback (most recent call last):
  File "C:\Users\dian_\OneDrive\1 - My Documents\9 - Rocket Innovations Inc\gaming-ai-bot\streamlit_app\pages\predictions.py", line 3302, in _generate_ensemble_predictions
    raise ValueError(error_msg)
ValueError: Could not load any ensemble models. Details:


2025-11-28 19:42:41 - lottery_ai - ERROR - logger.py:138 -   ‚úó Unknown model type: 'Cnn'. Must be one of: Transformer, LSTM, XGBoost, CatBoost, LightGBM, CNN
2025-11-28 19:42:41 - lottery_ai - ERROR - logger.py:138 -   ‚úó Unknown model type: 'Catboost'. Must be one of: Transformer, LSTM, XGBoost, CatBoost, LightGBM, CNN
2025-11-28 19:42:41 - lottery_ai - ERROR - logger.py:138 -   ‚úó Unknown model type: 'Lightgbm'. Must be one of: Transformer, LSTM, XGBoost, CatBoost, LightGBM, CNN
2025-11-28 19:42:41 - lottery_ai - ERROR - logger.py:138 - ‚ùå Could not load any ensemble models. Details:
  - Cnn: Unknown model type: 'Cnn'. Must be one of: Transformer, LSTM, XGBoost, CatBoost, LightGBM, CNN
  - Catboost: Unknown model type: 'Catboost'. Must be one of: Transformer, LSTM, XGBoost, CatBoost, LightGBM, CNN
  - Lightgbm: Unknown model type: 'Lightgbm'. Must be one of: Transformer, LSTM, XGBoost, CatBoost, LightGBM, CNN
2025-11-28 19:42:41 - lottery_ai - ERROR - logger.py:138 - Ensemble prediction error: Could not load any ensemble models. Details:
  - Cnn: Unknown model type: 'Cnn'. Must be one of: Transformer, LSTM, XGBoost, CatBoost, LightGBM, CNN
  - Catboost: Unknown model type: 'Catboost'. Must be one of: Transformer, LSTM, XGBoost, CatBoost, LightGBM, CNN
  - Lightgbm: Unknown model type: 'Lightgbm'. Must be one of: Transformer, LSTM, XGBoost, CatBoost, LightGBM, CNN
2025-11-28 19:42:41 - lottery_ai - ERROR - logger.py:138 - Traceback:
Traceback (most recent call last):
  File "C:\Users\dian_\OneDrive\1 - My Documents\9 - Rocket Innovations Inc\gaming-ai-bot\streamlit_app\pages\predictions.py", line 3309, in _generate_ensemble_predictions
    raise ValueError(error_msg)
ValueError: Could not load any ensemble models. Details:
  - Cnn: Unknown model type: 'Cnn'. Must be one of: Transformer, LSTM, XGBoost, CatBoost, LightGBM, CNN
  - Catboost: Unknown model type: 'Catboost'. Must be one of: Transformer, LSTM, XGBoost, CatBoost, LightGBM, CNN
  - Lightgbm: Unknown model type: 'Lightgbm'. Must be one of: Transformer, LSTM, XGBoost, CatBoost, LightGBM, CNN

2025-11-28 19:48:24 - lottery_ai - ERROR - logger.py:138 -   ‚úó Unknown model type: 'XGBoost_accuracy'. Must be one of: Transformer, LSTM, XGBoost, CatBoost, LightGBM, CNN
2025-11-28 19:48:24 - lottery_ai - ERROR - logger.py:138 -   ‚úó Unknown model type: 'CatBoost_accuracy'. Must be one of: Transformer, LSTM, XGBoost, CatBoost, LightGBM, CNN
2025-11-28 19:48:24 - lottery_ai - ERROR - logger.py:138 -   ‚úó Unknown model type: 'LightGBM_accuracy'. Must be one of: Transformer, LSTM, XGBoost, CatBoost, LightGBM, CNN
2025-11-28 19:48:25 - lottery_ai - ERROR - logger.py:138 -   ‚úó Unknown model type: 'CNN_accuracy'. Must be one of: Transformer, LSTM, XGBoost, CatBoost, LightGBM, CNN
2025-11-28 20:42:42 - lottery_ai - ERROR - logger.py:138 - Error generating Transformer CSV features: Expected 20 features, got 19
2025-11-28 20:42:42 - lottery_ai - ERROR - logger.py:138 - Transformer generation error: Expected 20 features, got 19
2025-11-28 20:44:46 - lottery_ai - ERROR - logger.py:138 - Error generating Transformer CSV features: 'AdvancedFeatureGenerator' object has no attribute '_calculate_frequency_distribution'
2025-11-28 20:44:46 - lottery_ai - ERROR - logger.py:138 - Transformer generation error: 'AdvancedFeatureGenerator' object has no attribute '_calculate_frequency_distribution'
2025-11-28 20:46:21 - lottery_ai - ERROR - logger.py:138 - Error saving Transformer CSV features: 'AdvancedFeatureGenerator' object has no attribute 'get_feature_dir'
2025-11-28 20:51:22 - lottery_ai - ERROR - logger.py:138 - ‚ùå Model training error: Invalid classes inferred from unique values of `y`.  Expected: [ 0  1  2  3  4  5  6  7  8  9 10 11 12 13 14 15 16 17 18 19 20 21 22 23
 24 25 26], got [ 0  1  2  3  4  5  6  7  8  9 10 11 12 13 14 15 16 17 18 19 20 21 22 24
 25 29 32]
2025-11-28 20:58:17 - lottery_ai - ERROR - logger.py:138 - ‚ùå Model training error: Invalid classes inferred from unique values of `y`.  Expected: [ 0  1  2  3  4  5  6  7  8  9 10 11 12 13 14 15 16 17 18 19 20 21 22 23
 24 25 26], got [ 0  1  2  3  4  5  6  7  8  9 10 11 12 13 14 15 16 17 18 19 20 21 22 24
 25 26 27]
2025-11-28 20:59:16 - lottery_ai - ERROR - logger.py:138 - ‚ùå Model training error: Invalid classes inferred from unique values of `y`.  Expected: [ 0  1  2  3  4  5  6  7  8  9 10 11 12 13 14 15 16 17 18 19 20 21 22 23
 24 25 26], got [ 0  1  2  3  4  5  6  7  8  9 10 11 12 13 14 15 16 17 18 19 20 21 22 24
 25 26 27]
2025-11-28 21:02:10 - lottery_ai - ERROR - logger.py:138 - ‚ùå Model training error: Invalid classes inferred from unique values of `y`.  Expected: [ 0  1  2  3  4  5  6  7  8  9 10 11 12 13 14 15 16 17 18 19 20 21 22 23
 24 25 26 27 28], got [ 0  1  2  3  4  5  6  7  8  9 10 11 12 13 14 15 16 17 18 19 20 21 22 23
 24 25 26 29 32]
2025-11-28 21:03:03 - lottery_ai - ERROR - logger.py:138 - ‚ùå Model training error: Invalid classes inferred from unique values of `y`.  Expected: [ 0  1  2  3  4  5  6  7  8  9 10 11 12 13 14 15 16 17 18 19 20 21 22 23
 24 25 26 27 28], got [ 0  1  2  3  4  5  6  7  8  9 10 11 12 13 14 15 16 17 18 19 20 21 22 23
 24 25 26 29 32]
2025-11-28 21:57:59 - lottery_ai - ERROR - logger.py:138 - ‚ùå Model training error: Graph execution error:

Detected at node compile_loss/sparse_categorical_crossentropy/SparseSoftmaxCrossEntropyWithLogits/SparseSoftmaxCrossEntropyWithLogits defined at (most recent call last):
  File "C:\Python313\Lib\threading.py", line 1014, in _bootstrap

  File "C:\Python313\Lib\threading.py", line 1043, in _bootstrap_inner

  File "C:\Python313\Lib\threading.py", line 994, in run

  File "C:\Users\dian_\OneDrive\1 - My Documents\9 - Rocket Innovations Inc\gaming-ai-bot\venv\Lib\site-packages\streamlit\runtime\scriptrunner\script_runner.py", line 378, in _run_script_thread

  File "C:\Users\dian_\OneDrive\1 - My Documents\9 - Rocket Innovations Inc\gaming-ai-bot\venv\Lib\site-packages\streamlit\runtime\scriptrunner\script_runner.py", line 685, in _run_script

  File "C:\Users\dian_\OneDrive\1 - My Documents\9 - Rocket Innovations Inc\gaming-ai-bot\venv\Lib\site-packages\streamlit\runtime\scriptrunner\exec_code.py", line 128, in exec_func_with_error_handling

  File "C:\Users\dian_\OneDrive\1 - My Documents\9 - Rocket Innovations Inc\gaming-ai-bot\venv\Lib\site-packages\streamlit\runtime\scriptrunner\script_runner.py", line 669, in code_to_exec

  File "C:\Users\dian_\OneDrive\1 - My Documents\9 - Rocket Innovations Inc\gaming-ai-bot\app.py", line 482, in <module>

  File "C:\Users\dian_\OneDrive\1 - My Documents\9 - Rocket Innovations Inc\gaming-ai-bot\app.py", line 456, in main

  File "C:\Users\dian_\OneDrive\1 - My Documents\9 - Rocket Innovations Inc\gaming-ai-bot\app.py", line 194, in run

  File "C:\Users\dian_\OneDrive\1 - My Documents\9 - Rocket Innovations Inc\gaming-ai-bot\app.py", line 358, in _render_main_content

  File "C:\Users\dian_\OneDrive\1 - My Documents\9 - Rocket Innovations Inc\gaming-ai-bot\streamlit_app\registry\page_registry.py", line 818, in navigate_to_page

  File "C:\Users\dian_\OneDrive\1 - My Documents\9 - Rocket Innovations Inc\gaming-ai-bot\streamlit_app\registry\page_registry.py", line 878, in load_page

  File "C:\Users\dian_\OneDrive\1 - My Documents\9 - Rocket Innovations Inc\gaming-ai-bot\streamlit_app\pages\data_training.py", line 155, in render_data_training_page

  File "C:\Users\dian_\OneDrive\1 - My Documents\9 - Rocket Innovations Inc\gaming-ai-bot\streamlit_app\pages\data_training.py", line 1552, in _render_model_training

  File "C:\Users\dian_\OneDrive\1 - My Documents\9 - Rocket Innovations Inc\gaming-ai-bot\streamlit_app\pages\data_training.py", line 1790, in _train_advanced_model

  File "C:\Users\dian_\OneDrive\1 - My Documents\9 - Rocket Innovations Inc\gaming-ai-bot\streamlit_app\services\advanced_model_training.py", line 2185, in train_cnn

  File "C:\Users\dian_\OneDrive\1 - My Documents\9 - Rocket Innovations Inc\gaming-ai-bot\venv\Lib\site-packages\keras\src\utils\traceback_utils.py", line 117, in error_handler

  File "C:\Users\dian_\OneDrive\1 - My Documents\9 - Rocket Innovations Inc\gaming-ai-bot\venv\Lib\site-packages\keras\src\backend\tensorflow\trainer.py", line 377, in fit

  File "C:\Users\dian_\OneDrive\1 - My Documents\9 - Rocket Innovations Inc\gaming-ai-bot\venv\Lib\site-packages\keras\src\backend\tensorflow\trainer.py", line 220, in function

  File "C:\Users\dian_\OneDrive\1 - My Documents\9 - Rocket Innovations Inc\gaming-ai-bot\venv\Lib\site-packages\keras\src\backend\tensorflow\trainer.py", line 133, in multi_step_on_iterator

  File "C:\Users\dian_\OneDrive\1 - My Documents\9 - Rocket Innovations Inc\gaming-ai-bot\venv\Lib\site-packages\keras\src\backend\tensorflow\trainer.py", line 114, in one_step_on_data

  File "C:\Users\dian_\OneDrive\1 - My Documents\9 - Rocket Innovations Inc\gaming-ai-bot\venv\Lib\site-packages\keras\src\backend\tensorflow\trainer.py", line 61, in train_step

  File "C:\Users\dian_\OneDrive\1 - My Documents\9 - Rocket Innovations Inc\gaming-ai-bot\venv\Lib\site-packages\keras\src\trainers\trainer.py", line 383, in _compute_loss

  File "C:\Users\dian_\OneDrive\1 - My Documents\9 - Rocket Innovations Inc\gaming-ai-bot\venv\Lib\site-packages\keras\src\trainers\trainer.py", line 351, in compute_loss

  File "C:\Users\dian_\OneDrive\1 - My Documents\9 - Rocket Innovations Inc\gaming-ai-bot\venv\Lib\site-packages\keras\src\trainers\compile_utils.py", line 690, in __call__

  File "C:\Users\dian_\OneDrive\1 - My Documents\9 - Rocket Innovations Inc\gaming-ai-bot\venv\Lib\site-packages\keras\src\trainers\compile_utils.py", line 699, in call

  File "C:\Users\dian_\OneDrive\1 - My Documents\9 - Rocket Innovations Inc\gaming-ai-bot\venv\Lib\site-packages\keras\src\losses\loss.py", line 67, in __call__

  File "C:\Users\dian_\OneDrive\1 - My Documents\9 - Rocket Innovations Inc\gaming-ai-bot\venv\Lib\site-packages\keras\src\losses\losses.py", line 33, in call

  File "C:\Users\dian_\OneDrive\1 - My Documents\9 - Rocket Innovations Inc\gaming-ai-bot\venv\Lib\site-packages\keras\src\losses\losses.py", line 2330, in sparse_categorical_crossentropy

  File "C:\Users\dian_\OneDrive\1 - My Documents\9 - Rocket Innovations Inc\gaming-ai-bot\venv\Lib\site-packages\keras\src\ops\nn.py", line 2008, in sparse_categorical_crossentropy

  File "C:\Users\dian_\OneDrive\1 - My Documents\9 - Rocket Innovations Inc\gaming-ai-bot\venv\Lib\site-packages\keras\src\backend\tensorflow\nn.py", line 753, in sparse_categorical_crossentropy

Received a label value of 32 which is outside the valid range of [0, 28).  Label values: 0 11 5 0 2 4 10 5 21 0 1 0 17 3 2 17 1 10 6 8 0 6 20 32 0 1 6 9 4 4 7 10 6 8 10 1 2 3 6 1 6 10 4 12 8 1 0 0 2 3 8 2 2 11 4 2 13 2 7 16 1 6 7 10
	 [[{{node compile_loss/sparse_categorical_crossentropy/SparseSoftmaxCrossEntropyWithLogits/SparseSoftmaxCrossEntropyWithLogits}}]] [Op:__inference_multi_step_on_iterator_6847]
2025-11-29 19:54:57 - lottery_ai - ERROR - logger.py:138 - Single model prediction error: catboost/libs/data/model_dataset_compatibility.cpp:72: Feature 85 is present in model but not in pool.
2025-11-29 20:07:54 - lottery_ai - ERROR - logger.py:138 - Single model prediction error: catboost/libs/data/model_dataset_compatibility.cpp:72: Feature 85 is present in model but not in pool.
2025-11-29 20:16:33 - lottery_ai - ERROR - logger.py:138 - Single model prediction error: Input 0 of layer "functional" is incompatible with the layer: expected shape=(None, 28, 1), found shape=(1, 20)
2025-11-29 20:29:50 - lottery_ai - ERROR - logger.py:138 - Single model prediction error: Input 0 of layer "functional" is incompatible with the layer: expected shape=(None, 28, 1), found shape=(1, 20)
2025-11-30 10:30:43 - lottery_ai - ERROR - logger.py:138 - Error rendering Advanced ML Training page: No module named 'psutil'
2025-11-30 10:30:48 - lottery_ai - ERROR - logger.py:138 - Error rendering Advanced ML Training page: No module named 'psutil'
2025-11-30 10:32:21 - lottery_ai - ERROR - logger.py:138 - Error rendering Advanced ML Training page: No module named 'psutil'
2025-11-30 10:33:41 - lottery_ai - ERROR - logger.py:138 - Error rendering Advanced ML Training page: No module named 'psutil'
2025-11-30 10:34:17 - lottery_ai - ERROR - logger.py:138 - Error rendering Advanced ML Training page: No module named 'psutil'
2025-11-30 10:34:25 - lottery_ai - ERROR - logger.py:138 - Error rendering Advanced ML Training page: No module named 'psutil'
2025-11-30 10:36:16 - lottery_ai - ERROR - logger.py:138 - Error rendering Advanced ML Training page: No module named 'psutil'
2025-11-30 10:37:10 - lottery_ai - ERROR - logger.py:138 - Error rendering Advanced ML Training page: No module named 'psutil'
